build/app/outputs/mapping/release/mapping.txt
# compiler: R8
# compiler_version: 3.2.47
# min_api: 19
# common_typos_disable
# {"id":"com.android.tools.r8.mapping","version":"2.0"}
# pg_map_id: e033076
# pg_map_hash: SHA-256 e0330761a56d415b97085859e995d953aff871399aac5b897a42eec07ce91ee7
...
kotlin.text.StringsKt__StringsJVMKt -> p0.m:
    boolean endsWith(java.lang.String,java.lang.String,boolean) -> j
    boolean endsWith$default(java.lang.String,java.lang.String,boolean,int,java.lang.Object) -> k
    boolean isBlank(java.lang.CharSequence) -> l
    boolean regionMatches(java.lang.String,int,java.lang.String,int,int,boolean) -> m
    boolean startsWith(java.lang.String,java.lang.String,boolean) -> n
    boolean startsWith$default(java.lang.String,java.lang.String,boolean,int,java.lang.Object) -> o
kotlin.text.StringsKt__StringsKt -> p0.n:
    int indexOf$default(java.lang.CharSequence,java.lang.String,int,boolean,int,java.lang.Object) -> A
    int indexOfAny(java.lang.CharSequence,char[],int,boolean) -> B
    int lastIndexOf(java.lang.CharSequence,char,int,boolean) -> C
    int lastIndexOf(java.lang.CharSequence,java.lang.String,int,boolean) -> D
    int lastIndexOf$default(java.lang.CharSequence,char,int,boolean,int,java.lang.Object) -> E
    int lastIndexOf$default(java.lang.CharSequence,java.lang.String,int,boolean,int,java.lang.Object) -> F
    int lastIndexOfAny(java.lang.CharSequence,char[],int,boolean) -> G
    kotlin.sequences.Sequence lineSequence(java.lang.CharSequence) -> H
    java.util.List lines(java.lang.CharSequence) -> I
    kotlin.sequences.Sequence rangesDelimitedBy$StringsKt__StringsKt(java.lang.CharSequence,java.lang.String[],int,boolean,int) -> J
    kotlin.sequences.Sequence rangesDelimitedBy$StringsKt__StringsKt$default(java.lang.CharSequence,java.lang.String[],int,boolean,int,int,java.lang.Object) -> K
    boolean regionMatchesImpl(java.lang.CharSequence,int,java.lang.CharSequence,int,int,boolean) -> L
    void requireNonNegativeLimit(int) -> M
    kotlin.sequences.Sequence splitToSequence(java.lang.CharSequence,java.lang.String[],boolean,int) -> N
    kotlin.sequences.Sequence splitToSequence$default(java.lang.CharSequence,java.lang.String[],boolean,int,int,java.lang.Object) -> O
kotlin.text.StringsKt__StringsKt$rangesDelimitedBy$2 -> p0.n$a:
    java.util.List $delimitersList -> d
    boolean $ignoreCase -> e
    kotlin.Pair invoke(java.lang.CharSequence,int) -> a
kotlin.text.StringsKt__StringsKt$splitToSequence$1 -> p0.n$b:
    java.lang.CharSequence $this_splitToSequence -> d
    java.lang.String invoke(kotlin.ranges.IntRange) -> a
kotlin.text.StringsKt___StringsJvmKt -> p0.o:
kotlin.text.StringsKt___StringsKt -> p0.p:
    java.lang.String drop(java.lang.String,int) -> b0
kotlinx.coroutines.AbstractCoroutine -> q0.a:
    kotlin.coroutines.CoroutineContext context -> e
    java.lang.String cancellationExceptionMessage() -> C
    void handleOnCompletionException$kotlinx_coroutines_core(java.lang.Throwable) -> R
    java.lang.String nameString$kotlinx_coroutines_core() -> Y
    boolean isActive() -> a
    void onCompletionInternal(java.lang.Object) -> d0
    kotlin.coroutines.CoroutineContext getCoroutineContext() -> s
    void afterResume(java.lang.Object) -> t0
    void onCancelled(java.lang.Throwable,boolean) -> u0
    void onCompleted(java.lang.Object) -> v0
    void start(kotlinx.coroutines.CoroutineStart,java.lang.Object,kotlin.jvm.functions.Function2) -> w0
kotlinx.coroutines.AbstractTimeSource -> q0.b:
kotlinx.coroutines.AbstractTimeSourceKt -> q0.c:
    kotlinx.coroutines.AbstractTimeSource getTimeSource() -> a
kotlinx.coroutines.Active -> q0.d:
    kotlinx.coroutines.Active INSTANCE -> d
kotlinx.coroutines.BeforeResumeCancelHandler -> q0.e:
kotlinx.coroutines.BlockingEventLoop -> q0.f:
    java.lang.Thread thread -> j
    java.lang.Thread getThread() -> A
kotlinx.coroutines.BuildersKt -> q0.g:
    kotlinx.coroutines.Job launch(kotlinx.coroutines.CoroutineScope,kotlin.coroutines.CoroutineContext,kotlinx.coroutines.CoroutineStart,kotlin.jvm.functions.Function2) -> a
    kotlinx.coroutines.Job launch$default(kotlinx.coroutines.CoroutineScope,kotlin.coroutines.CoroutineContext,kotlinx.coroutines.CoroutineStart,kotlin.jvm.functions.Function2,int,java.lang.Object) -> b