build/app/outputs/mapping/release/usage.txt
com.example.personal_expenses.BuildConfig
com.example.personal_expenses.R$attr
com.example.personal_expenses.R$color
com.example.personal_expenses.R$dimen
com.example.personal_expenses.R$drawable
com.example.personal_expenses.R$id
com.example.personal_expenses.R$integer
com.example.personal_expenses.R$layout
com.example.personal_expenses.R$mipmap
com.example.personal_expenses.R$string
com.example.personal_expenses.R$style
com.example.personal_expenses.R$styleable
com.example.personal_expenses.R
...
androidx.annotation.TransitionRes
androidx.annotation.UiThread
androidx.annotation.VisibleForTesting
androidx.annotation.WorkerThread
androidx.annotation.XmlRes
androidx.annotation.experimental.Experimental$Level
androidx.annotation.experimental.Experimental
androidx.annotation.experimental.R
androidx.annotation.experimental.UseExperimental
androidx.arch.core.R
androidx.arch.core.executor.ArchTaskExecutor$1
androidx.arch.core.executor.ArchTaskExecutor$2
androidx.arch.core.executor.ArchTaskExecutor
androidx.arch.core.executor.DefaultTaskExecutor$1
androidx.arch.core.executor.DefaultTaskExecutor
androidx.arch.core.executor.TaskExecutor
androidx.arch.core.internal.FastSafeIterableMap:
    public java.util.Map$Entry ceil(java.lang.Object)
    public java.lang.Object putIfAbsent(java.lang.Object,java.lang.Object)
androidx.arch.core.internal.SafeIterableMap$Entry:
    void <init>(java.lang.Object,java.lang.Object)
androidx.arch.core.internal.SafeIterableMap:
    protected androidx.arch.core.internal.SafeIterableMap$Entry put(java.lang.Object,java.lang.Object)
    public java.lang.Object putIfAbsent(java.lang.Object,java.lang.Object)
androidx.arch.core.util.Function
androidx.collection.ArrayMap:
    public void <init>(int)
    public void <init>(androidx.collection.SimpleArrayMap)
    public boolean containsAll(java.util.Collection)
    public boolean removeAll(java.util.Collection)
    public boolean retainAll(java.util.Collection)
androidx.collection.ArraySet$1
androidx.collection.ArraySet
androidx.collection.CircularArray
androidx.collection.CircularIntArray
androidx.collection.ContainerHelpers:
    private void <init>()
    static int binarySearch(long[],int,long)
    public static int idealByteArraySize(int)
    public static int idealIntArraySize(int)
    public static int idealLongArraySize(int)
androidx.collection.LongSparseArray
androidx.collection.LruCache
androidx.collection.SimpleArrayMap:
    private static final int BASE_SIZE
    private static final int CACHE_SIZE
    private static final boolean CONCURRENT_MODIFICATION_EXCEPTIONS
    private static final boolean DEBUG
    private static final java.lang.String TAG
    public void <init>(int)
    public void <init>(androidx.collection.SimpleArrayMap)
    public void putAll(androidx.collection.SimpleArrayMap)
androidx.collection.SparseArrayCompat
androidx.core.R$attr
androidx.core.R$color
androidx.core.R$dimen
androidx.core.R$drawable
androidx.core.R$id:
    public static final int accessibility_action_clickable_span
    public static final int action_container
    public static final int action_divider
    public static final int action_image
    public static final int action_text
    public static final int actions
    public static final int async
    public static final int blocking
    public static final int chronometer
    public static final int dialog_button
    public static final int forever
    public static final int icon
    public static final int icon_group
    public static final int info
    public static final int italic
    public static final int line1
    public static final int line3
    public static final int normal
    public static final int notification_background
    public static final int notification_main_column
    public static final int notification_main_column_container
    public static final int right_icon
    public static final int right_side
    public static final int tag_accessibility_actions
    public static final int tag_accessibility_clickable_spans
    public static final int tag_accessibility_heading
    public static final int tag_on_apply_window_listener
    public static final int tag_on_receive_content_listener
    public static final int tag_on_receive_content_mime_types
    public static final int tag_screen_reader_focusable
    public static final int tag_state_description
    public static final int tag_transition_group
androidx.core.R$integer
androidx.core.R$layout
androidx.core.R$string
androidx.core.R$style